2014-01-29 21:37:42
Traceback (most recent call last):
  File "/Users/wbond/Library/Application Support/Sublime Text 3/Packages/SFTP/sftp/listeners.py", line 257, in do_upload
TypeError: unorderable types: NoneType() > int()
2014-02-03 16:16:49
Traceback (most recent call last):
  File "/Users/wbond/Library/Application Support/Sublime Text 3/Packages/SFTP/sftp/listeners.py", line 257, in do_upload
TypeError: unorderable types: NoneType() > int()
2014-02-03 23:58:37
Traceback (most recent call last):
  File "/Users/wbond/Library/Application Support/Sublime Text 3/Packages/SFTP/sftp/listeners.py", line 257, in do_upload
TypeError: unorderable types: NoneType() > int()
2014-02-04 15:39:09
Traceback (most recent call last):
  File "/Users/wbond/Library/Application Support/Sublime Text 3/Packages/SFTP/sftp/listeners.py", line 257, in do_upload
TypeError: unorderable types: NoneType() > int()
2014-02-04 21:42:07
Traceback (most recent call last):
  File "/Users/wbond/Library/Application Support/Sublime Text 3/Packages/SFTP/sftp/listeners.py", line 257, in do_upload
TypeError: unorderable types: NoneType() > int()
2014-02-07 17:10:18
Traceback (most recent call last):
  File "/Users/wbond/Library/Application Support/Sublime Text 3/Packages/SFTP/sftp/listeners.py", line 257, in do_upload
TypeError: unorderable types: NoneType() > int()
2014-02-17 19:37:31
Traceback (most recent call last):
  File "/Applications/Sublime Text.app/Contents/MacOS/sublime_plugin.py", line 63, in unload_plugin
    unload_module(m)
  File "/Applications/Sublime Text.app/Contents/MacOS/sublime_plugin.py", line 41, in unload_module
    module.unload_handler()
  File "/Users/Fabe-Air/Library/Application Support/Sublime Text 3/Packages/SFTP/SFTP.py", line 262, in unload_handler
    SftpThread.cleanup()
  File "/Users/wbond/Library/Application Support/Sublime Text 3/Packages/SFTP/sftp/commands.py", line 227, in cleanup
RuntimeError: dictionary changed size during iteration
